#! /usr/local/bin/vvp
:ivl_version "12.0 (stable)";
:ivl_delay_selection "TYPICAL";
:vpi_time_precision + 0;
:vpi_module "/usr/local/lib/ivl/system.vpi";
:vpi_module "/usr/local/lib/ivl/vhdl_sys.vpi";
:vpi_module "/usr/local/lib/ivl/vhdl_textio.vpi";
:vpi_module "/usr/local/lib/ivl/v2005_math.vpi";
:vpi_module "/usr/local/lib/ivl/va_math.vpi";
:vpi_module "/usr/local/lib/ivl/v2009.vpi";
S_0x2dd08080 .scope package, "$unit" "$unit" 2 1;
 .timescale 0 0;
S_0x2dd08210 .scope module, "tb_bcd_to_7seg_display" "tb_bcd_to_7seg_display" 3 2;
 .timescale 0 0;
v0x2dd1dad0_0 .net "an", 3 0, v0x2dce17a0_0;  1 drivers
v0x2dd1dbb0_0 .var "bcd_data", 3 0;
v0x2dd1dc80_0 .var "clk", 0 0;
v0x2dd1dd80_0 .var "reset", 0 0;
v0x2dd1de50_0 .net "seg", 6 0, v0x2dd1d900_0;  1 drivers
S_0x2dce1580 .scope module, "uut" "bcd_to_7seg_display" 3 11, 4 1 0, S_0x2dd08210;
 .timescale 0 0;
    .port_info 0 /INPUT 1 "clk";
    .port_info 1 /INPUT 1 "reset";
    .port_info 2 /INPUT 4 "bcd_data";
    .port_info 3 /OUTPUT 7 "seg";
    .port_info 4 /OUTPUT 4 "an";
v0x2dce17a0_0 .var "an", 3 0;
v0x2dd1d690_0 .net "bcd_data", 3 0, v0x2dd1dbb0_0;  1 drivers
v0x2dd1d770_0 .net "clk", 0 0, v0x2dd1dc80_0;  1 drivers
v0x2dd1d840_0 .net "reset", 0 0, v0x2dd1dd80_0;  1 drivers
v0x2dd1d900_0 .var "seg", 6 0;
E_0x2dce1760 .event anyedge, v0x2dd1d690_0;
    .scope S_0x2dce1580;
T_0 ;
    %wait E_0x2dce1760;
    %load/vec4 v0x2dd1d690_0;
    %dup/vec4;
    %pushi/vec4 0, 0, 4;
    %cmp/u;
    %jmp/1 T_0.0, 6;
    %dup/vec4;
    %pushi/vec4 1, 0, 4;
    %cmp/u;
    %jmp/1 T_0.1, 6;
    %dup/vec4;
    %pushi/vec4 2, 0, 4;
    %cmp/u;
    %jmp/1 T_0.2, 6;
    %dup/vec4;
    %pushi/vec4 3, 0, 4;
    %cmp/u;
    %jmp/1 T_0.3, 6;
    %dup/vec4;
    %pushi/vec4 4, 0, 4;
    %cmp/u;
    %jmp/1 T_0.4, 6;
    %dup/vec4;
    %pushi/vec4 5, 0, 4;
    %cmp/u;
    %jmp/1 T_0.5, 6;
    %dup/vec4;
    %pushi/vec4 6, 0, 4;
    %cmp/u;
    %jmp/1 T_0.6, 6;
    %dup/vec4;
    %pushi/vec4 7, 0, 4;
    %cmp/u;
    %jmp/1 T_0.7, 6;
    %dup/vec4;
    %pushi/vec4 8, 0, 4;
    %cmp/u;
    %jmp/1 T_0.8, 6;
    %dup/vec4;
    %pushi/vec4 9, 0, 4;
    %cmp/u;
    %jmp/1 T_0.9, 6;
    %pushi/vec4 1, 0, 7;
    %store/vec4 v0x2dd1d900_0, 0, 7;
    %jmp T_0.11;
T_0.0 ;
    %pushi/vec4 126, 0, 7;
    %store/vec4 v0x2dd1d900_0, 0, 7;
    %jmp T_0.11;
T_0.1 ;
    %pushi/vec4 48, 0, 7;
    %store/vec4 v0x2dd1d900_0, 0, 7;
    %jmp T_0.11;
T_0.2 ;
    %pushi/vec4 109, 0, 7;
    %store/vec4 v0x2dd1d900_0, 0, 7;
    %jmp T_0.11;
T_0.3 ;
    %pushi/vec4 121, 0, 7;
    %store/vec4 v0x2dd1d900_0, 0, 7;
    %jmp T_0.11;
T_0.4 ;
    %pushi/vec4 51, 0, 7;
    %store/vec4 v0x2dd1d900_0, 0, 7;
    %jmp T_0.11;
T_0.5 ;
    %pushi/vec4 91, 0, 7;
    %store/vec4 v0x2dd1d900_0, 0, 7;
    %jmp T_0.11;
T_0.6 ;
    %pushi/vec4 95, 0, 7;
    %store/vec4 v0x2dd1d900_0, 0, 7;
    %jmp T_0.11;
T_0.7 ;
    %pushi/vec4 112, 0, 7;
    %store/vec4 v0x2dd1d900_0, 0, 7;
    %jmp T_0.11;
T_0.8 ;
    %pushi/vec4 127, 0, 7;
    %store/vec4 v0x2dd1d900_0, 0, 7;
    %jmp T_0.11;
T_0.9 ;
    %pushi/vec4 123, 0, 7;
    %store/vec4 v0x2dd1d900_0, 0, 7;
    %jmp T_0.11;
T_0.11 ;
    %pop/vec4 1;
    %jmp T_0;
    .thread T_0, $push;
    .scope S_0x2dd08210;
T_1 ;
    %delay 10, 0;
    %load/vec4 v0x2dd1dc80_0;
    %inv;
    %store/vec4 v0x2dd1dc80_0, 0, 1;
    %jmp T_1;
    .thread T_1;
    .scope S_0x2dd08210;
T_2 ;
    %vpi_call/w 3 23 "$dumpfile", "bcd_to_7seg_display.vcd" {0 0 0};
    %vpi_call/w 3 24 "$dumpvars" {0 0 0};
    %vpi_call/w 3 25 "$monitor", "Time = %0t | BCD = %h | seg = %b | an = %b", $time, v0x2dd1dbb0_0, v0x2dd1de50_0, v0x2dd1dad0_0 {0 0 0};
    %pushi/vec4 0, 0, 1;
    %store/vec4 v0x2dd1dc80_0, 0, 1;
    %pushi/vec4 1, 0, 1;
    %store/vec4 v0x2dd1dd80_0, 0, 1;
    %pushi/vec4 0, 0, 4;
    %store/vec4 v0x2dd1dbb0_0, 0, 4;
    %delay 50, 0;
    %pushi/vec4 0, 0, 1;
    %store/vec4 v0x2dd1dd80_0, 0, 1;
    %pushi/vec4 4, 0, 4;
    %store/vec4 v0x2dd1dbb0_0, 0, 4;
    %delay 10000, 0;
    %pushi/vec4 8, 0, 4;
    %store/vec4 v0x2dd1dbb0_0, 0, 4;
    %delay 10000, 0;
    %pushi/vec4 15, 0, 4;
    %store/vec4 v0x2dd1dbb0_0, 0, 4;
    %delay 10000, 0;
    %pushi/vec4 13, 0, 4;
    %store/vec4 v0x2dd1dbb0_0, 0, 4;
    %delay 10000, 0;
    %vpi_call/w 3 50 "$finish" {0 0 0};
    %end;
    .thread T_2;
# The file index is used to find the file name in the following table.
:file_names 5;
    "N/A";
    "<interactive>";
    "-";
    "testbench.sv";
    "design.sv";
